\BOOKMARK [1][-]{section.1}{Introduction}{}% 1
\BOOKMARK [1][-]{section.2}{Literature Review}{}% 2
\BOOKMARK [2][-]{subsection.2.1}{Schedule 13\(D\) Filings \046 Market Reaction}{section.2}% 3
\BOOKMARK [2][-]{subsection.2.2}{Motives of Corporate Equity Ownership, Value Creation \046 Financial Constraints}{section.2}% 4
\BOOKMARK [1][-]{section.3}{Data \205 Constructing the Sample}{}% 5
\BOOKMARK [2][-]{subsection.3.1}{Measures of Financial Constraints}{section.3}% 6
\BOOKMARK [2][-]{subsection.3.2}{Identifying the Sample's Schedule 13\(D\) Filings}{section.3}% 7
\BOOKMARK [2][-]{subsection.3.3}{Identifying the Investors prior to their Schedule 13\(D\) Filing}{section.3}% 8
\BOOKMARK [1][-]{section.4}{Market Reactions to 13\(D\) Filings \205 Abnormal Stock Returns}{}% 9
\BOOKMARK [2][-]{subsection.4.1}{Time Series of Abnormal Returns}{section.4}% 10
\BOOKMARK [2][-]{subsection.4.2}{Event Windows \046 Financial Constraints}{section.4}% 11
\BOOKMARK [2][-]{subsection.4.3}{Financial Constraints and Purpose of Transaction}{section.4}% 12
\BOOKMARK [1][-]{section.5}{Cross Sectional Variation of Abnormal Returns}{}% 13
\BOOKMARK [1][-]{section.6}{Conclusion}{}% 14
\BOOKMARK [1][-]{section*.11}{Appendices}{}% 15
\BOOKMARK [1][-]{Appendix.a.A}{Financial Constraints Measures \046 Variables}{}% 16
\BOOKMARK [1][-]{Appendix.a.B}{Categorization of Purpose of Transaction}{}% 17
\BOOKMARK [1][-]{Appendix.a.C}{Event Study}{}% 18
\BOOKMARK [1][-]{Appendix.a.D}{Hypotheses}{}% 19
\BOOKMARK [1][-]{Appendix.a.E}{Stata Do-Files}{}% 20
